<?xml version="1.0" encoding="UTF-8"?>
<!-- Generated by org.testng.reporters.JUnitXMLReporter -->
<testsuite hostname="Naveenas-MBP" ignored="0" name="Test1" tests="4" failures="0" timestamp="06 Oct 2017 22:22:42 GMT" time="61.307" errors="0">
  <testcase name="test1FindDropDownMenu" time="15.448" classname="Yelp.com.org.yelp.test_cases.SearchTest"/>
  <testcase name="test2ParameterizeFilter" time="21.404" classname="Yelp.com.org.yelp.test_cases.SearchTest"/>
  <testcase name="test3starRating" time="4.894" classname="Yelp.com.org.yelp.test_cases.SearchTest"/>
  <testcase name="test4ExpandFirstSearchResult" time="14.433" classname="Yelp.com.org.yelp.test_cases.SearchTest"/>
</testsuite> <!-- Test1 -->
