<?xml version="1.0" encoding="UTF-8"?>
<!-- Generated by org.testng.reporters.JUnitXMLReporter -->
<testsuite hostname="Naveenas-MBP" ignored="0" name="Yelp Search Page Test" tests="3" failures="0" timestamp="08 Oct 2017 00:54:16 GMT" time="181.739" errors="0">
  <testcase name="searchPageTest" time="57.078" classname="Yelp.com.org.yelp.test_cases.SearchTest"/>
  <testcase name="searchPageTest" time="56.894" classname="Yelp.com.org.yelp.test_cases.SearchTest"/>
  <testcase name="searchPageTest" time="63.373" classname="Yelp.com.org.yelp.test_cases.SearchTest"/>
</testsuite> <!-- Yelp Search Page Test -->
