<?xml version="1.0" encoding="UTF-8"?>
<!-- Generated by org.testng.reporters.JUnitXMLReporter -->
<testsuite hostname="Naveenas-MBP" ignored="0" name="Default test" tests="3" failures="0" timestamp="08 Oct 2017 00:49:06 GMT" time="183.746" errors="0">
  <testcase name="searchPageTest" time="57.855" classname="Yelp.com.org.yelp.test_cases.SearchTest"/>
  <testcase name="searchPageTest" time="55.404" classname="Yelp.com.org.yelp.test_cases.SearchTest"/>
  <testcase name="searchPageTest" time="64.894" classname="Yelp.com.org.yelp.test_cases.SearchTest"/>
</testsuite> <!-- Default test -->
